2023-05-04 02:59:58 PM - login account.
::1, 2023-05-04 03:02:52 PM - login account.
OS: "Linux" , 2023-05-04 03:06:30 PM - login account.
OS: "Linux" , 2023-05-04 03:06:31 PM - login account.
OS: "Linux" , 2023-05-04 03:06:32 PM - login account.
2023-05-04 03:27:06 PM} - login account.
2023-05-04 03:27:07 PM} - login account.
2023-05-04 03:28:51 PM} - login account.
2023-05-04 03:28:51 PM} - login account.
2023-05-04 03:33:52 PM} - login account.
2023-05-04 03:33:54 PM} - login account.
2023-05-04 03:33:54 PM} - login account.
2023-05-04 03:33:54 PM} - login account.
2023-05-04 03:34:03 PM} - login account.
2023-05-04 03:34:03 PM} - login account.
2023-05-04 03:34:03 PM} - login account.
2023-05-04 03:34:55 PM} - login account.
2023-05-04 03:35:30 PM} - login account.
2023-05-04 03:37:08 PM} - trying to login.
2023-05-04 03:37:08 PM} - login account.
2023-05-04 03:37:12 PM} - login account.
2023-05-04 03:39:58 PM} - creating account.
2023-05-04 03:40:02 PM} - creating account.
2023-05-04 03:40:16 PM} - creating account.
2023-05-04 03:53:32 PM} - login account.
2023-05-04 03:58:39 PM} - trying to login.
2023-05-04 03:58:54 PM} - trying to login.
2023-05-04 03:58:59 PM} - login account.
2023-05-04 04:01:03 PM} - login account.
2023-05-04 04:03:36 PM} - Successfully update password.
2023-05-04 04:05:23 PM} - login account.
2023-05-04 04:07:34 PM} - Successfully updated personal information.
2023-05-04 04:08:29 PM} - Successfully updated personal information.
2023-05-05 12:21:21 PM} - something error in deletingaccount 
2023-05-05 12:21:31 PM} - Delete account demo@gmail.com
2023-05-05 12:22:29 PM} - trying to login.
2023-05-05 12:22:35 PM} - trying to login.
2023-05-05 12:23:17 PM} - creating account.
2023-05-05 12:25:17 PM} - creating account.
2023-05-05 12:25:54 PM} - creating account.
2023-05-05 12:26:25 PM} - creating account.
2023-05-05 12:27:16 PM} - login account.
2023-05-05 12:27:22 PM} - something error in deletingaccount 
2023-05-05 12:27:30 PM} - Delete account demo@gmail.com
2023-05-05 12:27:37 PM} - trying to login.
2023-05-05 12:27:39 PM} - trying to login.
2023-05-05 12:27:40 PM} - trying to login.
2023-05-05 12:27:41 PM} - trying to login.
2023-05-05 12:27:42 PM} - trying to login.
2023-05-05 12:27:43 PM} - trying to login.
2023-05-05 12:27:43 PM} - trying to login.
2023-05-05 12:27:44 PM} - trying to login.
2023-05-05 12:27:44 PM} - trying to login.
2023-05-05 12:27:45 PM} - trying to login.
2023-05-05 12:27:46 PM} - trying to login.
2023-05-05 12:32:10 PM} - login account.
2023-05-05 01:39:40 PM} - something error in deleting account 
2023-05-05 01:39:50 PM} - Delete account demo1@gmail.com
2023-05-05 01:48:20 PM} - creating account.
2023-05-05 01:48:30 PM} - login account.
2023-05-06 02:50:15 AM} - trying to login.
2023-05-06 02:50:18 AM} - trying to login.
2023-05-06 02:50:32 AM} - trying to login.
2023-05-06 02:50:39 AM} - login account.
